\BOOKMARK [0][-]{chapter.1}{Wstep}{}% 1
\BOOKMARK [1][-]{section.1.1}{Cel i motywacja pracy}{chapter.1}% 2
\BOOKMARK [1][-]{section.1.2}{Tematyka i struktura pracy}{chapter.1}% 3
\BOOKMARK [0][-]{chapter.2}{Wykorzystane technologie}{}% 4
\BOOKMARK [1][-]{section.2.1}{Popularne technologie webowe - HTML, CSS i TypeScript}{chapter.2}% 5
\BOOKMARK [1][-]{section.2.2}{Biblioteki Chart.js i MathJax}{chapter.2}% 6
\BOOKMARK [1][-]{section.2.3}{Jezyk Python}{chapter.2}% 7
\BOOKMARK [1][-]{section.2.4}{Framework Tauri}{chapter.2}% 8
\BOOKMARK [0][-]{chapter.3}{Podstawy teorytyczne}{}% 9
\BOOKMARK [1][-]{section.3.1}{Zagadnienia matematyki wyzszej}{chapter.3}% 10
\BOOKMARK [1][-]{section.3.2}{Falowa natura materii}{chapter.3}% 11
\BOOKMARK [1][-]{section.3.3}{R\363wnanie Schr\366dingera}{chapter.3}% 12
\BOOKMARK [1][-]{section.3.4}{Znajdowanie r\363wnania funkcji falowej}{chapter.3}% 13
\BOOKMARK [0][-]{chapter.4}{Budowa i struktura aplikacji}{}% 14
\BOOKMARK [1][-]{section.4.1}{Struktura aplikacji}{chapter.4}% 15
\BOOKMARK [1][-]{section.4.2}{Interfejs}{chapter.4}% 16
\BOOKMARK [1][-]{section.4.3}{Typescript i manipulacja DOM}{chapter.4}% 17
\BOOKMARK [1][-]{section.4.4}{Obliczenia fizyczne w Pythonie}{chapter.4}% 18
\BOOKMARK [1][-]{section.4.5}{Interfejs pomiedzy TypeScriptem i Pythonem}{chapter.4}% 19
\BOOKMARK [1][-]{section.4.6}{Wdrozenie i dystrybucja aplikacji}{chapter.4}% 20
\BOOKMARK [1][-]{section.4.7}{Problemy, ograniczenia i mozliwosci rozwoju}{chapter.4}% 21
\BOOKMARK [0][-]{chapter.5}{Interfejs aplikacji}{}% 22
\BOOKMARK [1][-]{section.5.1}{Ekran g\233\363wny}{chapter.5}% 23
\BOOKMARK [1][-]{section.5.2}{Interaktywna wizualizacja}{chapter.5}% 24
\BOOKMARK [1][-]{section.5.3}{Transkrypcja}{chapter.5}% 25
\BOOKMARK [0][-]{chapter.6}{Podsumowanie i wnioski}{}% 26
\BOOKMARK [0][-]{chapter.7}{Bibliografia}{}% 27
